<?xml version="1.0" encoding="UTF-8"?>
<coverage generated="1539505074953" clover="3.2.0">
  <project timestamp="1539505074954" name="All files">
    <metrics statements="97" coveredstatements="76" conditionals="44" coveredconditionals="26" methods="27" coveredmethods="19" elements="168" coveredelements="121" complexity="0" loc="97" ncloc="97" packages="2" files="2" classes="2">
      <package name="lib">
        <metrics statements="10" coveredstatements="2" conditionals="4" coveredconditionals="0" methods="3" coveredmethods="0"/>
        <file name="exec.js" path="/home/outbounder/projects/node-organic/organic-nginx-configurator/lib/exec.js">
          <metrics statements="10" coveredstatements="2" conditionals="4" coveredconditionals="0" methods="3" coveredmethods="0"/>
          <line num="1" count="2" type="stmt"/>
          <line num="3" count="2" type="stmt"/>
          <line num="4" count="0" type="cond" truecount="0" falsecount="2"/>
          <line num="5" count="0" type="stmt"/>
          <line num="9" count="0" type="stmt"/>
          <line num="10" count="0" type="stmt"/>
          <line num="11" count="0" type="stmt"/>
          <line num="12" count="0" type="stmt"/>
          <line num="13" count="0" type="cond" truecount="0" falsecount="2"/>
          <line num="14" count="0" type="stmt"/>
        </file>
      </package>
      <package name="organelles">
        <metrics statements="87" coveredstatements="74" conditionals="40" coveredconditionals="26" methods="24" coveredmethods="19"/>
        <file name="nginx-config.js" path="/home/outbounder/projects/node-organic/organic-nginx-configurator/organelles/nginx-config.js">
          <metrics statements="87" coveredstatements="74" conditionals="40" coveredconditionals="26" methods="24" coveredmethods="19"/>
          <line num="1" count="2" type="stmt"/>
          <line num="2" count="2" type="stmt"/>
          <line num="3" count="2" type="stmt"/>
          <line num="5" count="2" type="stmt"/>
          <line num="7" count="2" type="stmt"/>
          <line num="8" count="2" type="stmt"/>
          <line num="9" count="2" type="stmt"/>
          <line num="10" count="2" type="cond" truecount="1" falsecount="1"/>
          <line num="11" count="0" type="stmt"/>
          <line num="12" count="0" type="stmt"/>
          <line num="14" count="2" type="cond" truecount="2" falsecount="0"/>
          <line num="15" count="0" type="cond" truecount="0" falsecount="2"/>
          <line num="16" count="0" type="stmt"/>
          <line num="21" count="2" type="stmt"/>
          <line num="22" count="2" type="stmt"/>
          <line num="23" count="2" type="cond" truecount="1" falsecount="1"/>
          <line num="24" count="2" type="stmt"/>
          <line num="25" count="2" type="stmt"/>
          <line num="28" count="2" type="stmt"/>
          <line num="31" count="3" type="cond" truecount="1" falsecount="1"/>
          <line num="32" count="3" type="stmt"/>
          <line num="35" count="1" type="stmt"/>
          <line num="36" count="1" type="stmt"/>
          <line num="37" count="1" type="stmt"/>
          <line num="41" count="1" type="stmt"/>
          <line num="46" count="0" type="stmt"/>
          <line num="49" count="2" type="cond" truecount="3" falsecount="1"/>
          <line num="50" count="2" type="stmt"/>
          <line num="51" count="2" type="stmt"/>
          <line num="54" count="0" type="cond" truecount="0" falsecount="4"/>
          <line num="55" count="0" type="stmt"/>
          <line num="56" count="0" type="stmt"/>
          <line num="59" count="1" type="stmt"/>
          <line num="60" count="2" type="cond" truecount="2" falsecount="0"/>
          <line num="61" count="1" type="stmt"/>
          <line num="62" count="1" type="stmt"/>
          <line num="63" count="1" type="stmt"/>
          <line num="68" count="6" type="cond" truecount="2" falsecount="0"/>
          <line num="69" count="3" type="stmt"/>
          <line num="70" count="3" type="stmt"/>
          <line num="71" count="3" type="stmt"/>
          <line num="72" count="3" type="stmt"/>
          <line num="76" count="0" type="stmt"/>
          <line num="78" count="0" type="stmt"/>
          <line num="89" count="4" type="stmt"/>
          <line num="90" count="4" type="stmt"/>
          <line num="91" count="11" type="stmt"/>
          <line num="92" count="11" type="cond" truecount="2" falsecount="0"/>
          <line num="93" count="3" type="stmt"/>
          <line num="95" count="8" type="stmt"/>
          <line num="96" count="8" type="cond" truecount="2" falsecount="0"/>
          <line num="97" count="5" type="stmt"/>
          <line num="102" count="8" type="stmt"/>
          <line num="106" count="4" type="stmt"/>
          <line num="109" count="4" type="stmt"/>
          <line num="110" count="4" type="stmt"/>
          <line num="111" count="11" type="stmt"/>
          <line num="112" count="11" type="cond" truecount="2" falsecount="0"/>
          <line num="113" count="5" type="stmt"/>
          <line num="120" count="11" type="stmt"/>
          <line num="121" count="11" type="stmt"/>
          <line num="122" count="11" type="cond" truecount="2" falsecount="0"/>
          <line num="123" count="3" type="cond" truecount="1" falsecount="1"/>
          <line num="124" count="3" type="stmt"/>
          <line num="130" count="8" type="cond" truecount="2" falsecount="0"/>
          <line num="131" count="5" type="stmt"/>
          <line num="138" count="4" type="stmt"/>
          <line num="139" count="5" type="stmt"/>
          <line num="140" count="5" type="stmt"/>
          <line num="142" count="4" type="stmt"/>
          <line num="146" count="2" type="stmt"/>
          <line num="147" count="3" type="stmt"/>
          <line num="148" count="3" type="cond" truecount="1" falsecount="1"/>
          <line num="149" count="0" type="stmt"/>
          <line num="150" count="0" type="cond" truecount="0" falsecount="2"/>
          <line num="151" count="0" type="stmt"/>
          <line num="156" count="2" type="stmt"/>
          <line num="157" count="13" type="stmt"/>
          <line num="158" count="13" type="stmt"/>
          <line num="159" count="18" type="stmt"/>
          <line num="161" count="13" type="stmt"/>
          <line num="164" count="2" type="stmt"/>
          <line num="165" count="19" type="stmt"/>
          <line num="168" count="2" type="stmt"/>
          <line num="169" count="2" type="stmt"/>
          <line num="170" count="9" type="cond" truecount="2" falsecount="0"/>
          <line num="172" count="1" type="stmt"/>
        </file>
      </package>
    </metrics>
  </project>
</coverage>
