{"/home/outbounder/projects/node-organic/organic-nginx-configurator/lib/exec.js": {"path":"/home/outbounder/projects/node-organic/organic-nginx-configurator/lib/exec.js","statementMap":{"0":{"start":{"line":1,"column":15},"end":{"line":1,"column":39}},"1":{"start":{"line":3,"column":0},"end":{"line":17,"column":1}},"2":{"start":{"line":4,"column":2},"end":{"line":4,"column":57}},"3":{"start":{"line":4,"column":23},"end":{"line":4,"column":57}},"4":{"start":{"line":5,"column":16},"end":{"line":8,"column":14}},"5":{"start":{"line":9,"column":2},"end":{"line":9,"column":35}},"6":{"start":{"line":10,"column":2},"end":{"line":10,"column":35}},"7":{"start":{"line":11,"column":2},"end":{"line":16,"column":4}},"8":{"start":{"line":12,"column":4},"end":{"line":15,"column":6}},"9":{"start":{"line":13,"column":6},"end":{"line":13,"column":49}},"10":{"start":{"line":13,"column":28},"end":{"line":13,"column":49}},"11":{"start":{"line":14,"column":6},"end":{"line":14,"column":67}}},"fnMap":{"0":{"name":"(anonymous_0)","decl":{"start":{"line":3,"column":17},"end":{"line":3,"column":18}},"loc":{"start":{"line":3,"column":47},"end":{"line":17,"column":1}},"line":3},"1":{"name":"(anonymous_1)","decl":{"start":{"line":11,"column":21},"end":{"line":11,"column":22}},"loc":{"start":{"line":11,"column":42},"end":{"line":16,"column":3}},"line":11},"2":{"name":"(anonymous_2)","decl":{"start":{"line":12,"column":22},"end":{"line":12,"column":23}},"loc":{"start":{"line":12,"column":38},"end":{"line":15,"column":5}},"line":12}},"branchMap":{"0":{"loc":{"start":{"line":4,"column":2},"end":{"line":4,"column":57}},"type":"if","locations":[{"start":{"line":4,"column":2},"end":{"line":4,"column":57}},{"start":{"line":4,"column":2},"end":{"line":4,"column":57}}],"line":4},"1":{"loc":{"start":{"line":13,"column":6},"end":{"line":13,"column":49}},"type":"if","locations":[{"start":{"line":13,"column":6},"end":{"line":13,"column":49}},{"start":{"line":13,"column":6},"end":{"line":13,"column":49}}],"line":13}},"s":{"0":2,"1":2,"2":0,"3":0,"4":0,"5":0,"6":0,"7":0,"8":0,"9":0,"10":0,"11":0},"f":{"0":0,"1":0,"2":0},"b":{"0":[0,0],"1":[0,0]},"_coverageSchema":"332fd63041d2c1bcb487cc26dd0d5f7d97098a6c","hash":"c74356a24dd7463b1a41f547c6209cb739451794"}
,"/home/outbounder/projects/node-organic/organic-nginx-configurator/organelles/nginx-config.js": {"path":"/home/outbounder/projects/node-organic/organic-nginx-configurator/organelles/nginx-config.js","statementMap":{"0":{"start":{"line":1,"column":11},"end":{"line":1,"column":24}},"1":{"start":{"line":2,"column":12},"end":{"line":2,"column":26}},"2":{"start":{"line":3,"column":13},"end":{"line":3,"column":35}},"3":{"start":{"line":5,"column":0},"end":{"line":144,"column":1}},"4":{"start":{"line":7,"column":4},"end":{"line":7,"column":24}},"5":{"start":{"line":8,"column":4},"end":{"line":8,"column":18}},"6":{"start":{"line":9,"column":4},"end":{"line":9,"column":46}},"7":{"start":{"line":10,"column":4},"end":{"line":13,"column":5}},"8":{"start":{"line":11,"column":6},"end":{"line":11,"column":65}},"9":{"start":{"line":12,"column":6},"end":{"line":12,"column":76}},"10":{"start":{"line":14,"column":4},"end":{"line":18,"column":6}},"11":{"start":{"line":15,"column":6},"end":{"line":17,"column":7}},"12":{"start":{"line":16,"column":8},"end":{"line":16,"column":47}},"13":{"start":{"line":21,"column":18},"end":{"line":27,"column":6}},"14":{"start":{"line":22,"column":6},"end":{"line":26,"column":8}},"15":{"start":{"line":23,"column":8},"end":{"line":23,"column":35}},"16":{"start":{"line":23,"column":17},"end":{"line":23,"column":35}},"17":{"start":{"line":24,"column":8},"end":{"line":24,"column":42}},"18":{"start":{"line":25,"column":8},"end":{"line":25,"column":32}},"19":{"start":{"line":28,"column":4},"end":{"line":28,"column":18}},"20":{"start":{"line":31,"column":4},"end":{"line":31,"column":79}},"21":{"start":{"line":31,"column":25},"end":{"line":31,"column":79}},"22":{"start":{"line":32,"column":4},"end":{"line":32,"column":27}},"23":{"start":{"line":35,"column":4},"end":{"line":35,"column":99}},"24":{"start":{"line":36,"column":4},"end":{"line":42,"column":33}},"25":{"start":{"line":37,"column":6},"end":{"line":40,"column":8}},"26":{"start":{"line":41,"column":6},"end":{"line":41,"column":52}},"27":{"start":{"line":46,"column":4},"end":{"line":46,"column":54}},"28":{"start":{"line":49,"column":4},"end":{"line":49,"column":51}},"29":{"start":{"line":49,"column":45},"end":{"line":49,"column":51}},"30":{"start":{"line":50,"column":4},"end":{"line":50,"column":38}},"31":{"start":{"line":51,"column":4},"end":{"line":51,"column":22}},"32":{"start":{"line":54,"column":4},"end":{"line":54,"column":51}},"33":{"start":{"line":54,"column":45},"end":{"line":54,"column":51}},"34":{"start":{"line":55,"column":4},"end":{"line":55,"column":38}},"35":{"start":{"line":56,"column":4},"end":{"line":56,"column":22}},"36":{"start":{"line":59,"column":4},"end":{"line":65,"column":5}},"37":{"start":{"line":60,"column":6},"end":{"line":64,"column":7}},"38":{"start":{"line":61,"column":8},"end":{"line":61,"column":38}},"39":{"start":{"line":62,"column":8},"end":{"line":62,"column":14}},"40":{"start":{"line":63,"column":8},"end":{"line":63,"column":26}},"41":{"start":{"line":68,"column":4},"end":{"line":68,"column":41}},"42":{"start":{"line":68,"column":35},"end":{"line":68,"column":41}},"43":{"start":{"line":69,"column":4},"end":{"line":80,"column":36}},"44":{"start":{"line":70,"column":6},"end":{"line":70,"column":38}},"45":{"start":{"line":71,"column":6},"end":{"line":79,"column":8}},"46":{"start":{"line":72,"column":8},"end":{"line":75,"column":11}},"47":{"start":{"line":76,"column":8},"end":{"line":76,"column":44}},"48":{"start":{"line":78,"column":8},"end":{"line":78,"column":26}},"49":{"start":{"line":89,"column":25},"end":{"line":89,"column":27}},"50":{"start":{"line":90,"column":4},"end":{"line":105,"column":5}},"51":{"start":{"line":91,"column":17},"end":{"line":91,"column":37}},"52":{"start":{"line":92,"column":6},"end":{"line":94,"column":7}},"53":{"start":{"line":93,"column":8},"end":{"line":93,"column":16}},"54":{"start":{"line":95,"column":25},"end":{"line":95,"column":48}},"55":{"start":{"line":96,"column":6},"end":{"line":101,"column":7}},"56":{"start":{"line":97,"column":8},"end":{"line":100,"column":9}},"57":{"start":{"line":102,"column":6},"end":{"line":104,"column":8}},"58":{"start":{"line":106,"column":4},"end":{"line":106,"column":38}},"59":{"start":{"line":109,"column":23},"end":{"line":109,"column":25}},"60":{"start":{"line":110,"column":4},"end":{"line":137,"column":5}},"61":{"start":{"line":111,"column":17},"end":{"line":111,"column":37}},"62":{"start":{"line":112,"column":6},"end":{"line":119,"column":7}},"63":{"start":{"line":113,"column":8},"end":{"line":118,"column":9}},"64":{"start":{"line":120,"column":27},"end":{"line":120,"column":67}},"65":{"start":{"line":121,"column":25},"end":{"line":121,"column":48}},"66":{"start":{"line":122,"column":6},"end":{"line":136,"column":7}},"67":{"start":{"line":123,"column":8},"end":{"line":128,"column":9}},"68":{"start":{"line":124,"column":10},"end":{"line":127,"column":11}},"69":{"start":{"line":130,"column":8},"end":{"line":135,"column":9}},"70":{"start":{"line":131,"column":10},"end":{"line":134,"column":11}},"71":{"start":{"line":138,"column":4},"end":{"line":141,"column":5}},"72":{"start":{"line":139,"column":6},"end":{"line":139,"column":81}},"73":{"start":{"line":140,"column":6},"end":{"line":140,"column":45}},"74":{"start":{"line":142,"column":4},"end":{"line":142,"column":36}},"75":{"start":{"line":146,"column":18},"end":{"line":154,"column":1}},"76":{"start":{"line":147,"column":2},"end":{"line":153,"column":4}},"77":{"start":{"line":148,"column":4},"end":{"line":148,"column":72}},"78":{"start":{"line":148,"column":25},"end":{"line":148,"column":72}},"79":{"start":{"line":149,"column":4},"end":{"line":152,"column":6}},"80":{"start":{"line":150,"column":6},"end":{"line":150,"column":33}},"81":{"start":{"line":150,"column":15},"end":{"line":150,"column":33}},"82":{"start":{"line":151,"column":6},"end":{"line":151,"column":15}},"83":{"start":{"line":156,"column":20},"end":{"line":162,"column":1}},"84":{"start":{"line":157,"column":15},"end":{"line":157,"column":17}},"85":{"start":{"line":158,"column":2},"end":{"line":160,"column":3}},"86":{"start":{"line":159,"column":4},"end":{"line":159,"column":26}},"87":{"start":{"line":161,"column":2},"end":{"line":161,"column":15}},"88":{"start":{"line":164,"column":26},"end":{"line":166,"column":1}},"89":{"start":{"line":165,"column":2},"end":{"line":165,"column":33}},"90":{"start":{"line":168,"column":21},"end":{"line":173,"column":1}},"91":{"start":{"line":169,"column":2},"end":{"line":171,"column":3}},"92":{"start":{"line":170,"column":4},"end":{"line":170,"column":47}},"93":{"start":{"line":170,"column":35},"end":{"line":170,"column":47}},"94":{"start":{"line":172,"column":2},"end":{"line":172,"column":13}}},"fnMap":{"0":{"name":"(anonymous_0)","decl":{"start":{"line":6,"column":2},"end":{"line":6,"column":3}},"loc":{"start":{"line":6,"column":28},"end":{"line":19,"column":3}},"line":6},"1":{"name":"(anonymous_1)","decl":{"start":{"line":14,"column":36},"end":{"line":14,"column":37}},"loc":{"start":{"line":14,"column":42},"end":{"line":18,"column":5}},"line":14},"2":{"name":"(anonymous_2)","decl":{"start":{"line":20,"column":2},"end":{"line":20,"column":3}},"loc":{"start":{"line":20,"column":24},"end":{"line":29,"column":3}},"line":20},"3":{"name":"(anonymous_3)","decl":{"start":{"line":21,"column":30},"end":{"line":21,"column":31}},"loc":{"start":{"line":21,"column":51},"end":{"line":27,"column":5}},"line":21},"4":{"name":"(anonymous_4)","decl":{"start":{"line":22,"column":41},"end":{"line":22,"column":42}},"loc":{"start":{"line":22,"column":56},"end":{"line":26,"column":7}},"line":22},"5":{"name":"(anonymous_5)","decl":{"start":{"line":30,"column":2},"end":{"line":30,"column":3}},"loc":{"start":{"line":30,"column":27},"end":{"line":33,"column":3}},"line":30},"6":{"name":"(anonymous_6)","decl":{"start":{"line":34,"column":2},"end":{"line":34,"column":3}},"loc":{"start":{"line":34,"column":25},"end":{"line":43,"column":3}},"line":34},"7":{"name":"(anonymous_7)","decl":{"start":{"line":36,"column":15},"end":{"line":36,"column":16}},"loc":{"start":{"line":36,"column":21},"end":{"line":42,"column":5}},"line":36},"8":{"name":"(anonymous_8)","decl":{"start":{"line":45,"column":2},"end":{"line":45,"column":3}},"loc":{"start":{"line":45,"column":18},"end":{"line":47,"column":3}},"line":45},"9":{"name":"(anonymous_9)","decl":{"start":{"line":48,"column":2},"end":{"line":48,"column":3}},"loc":{"start":{"line":48,"column":21},"end":{"line":52,"column":3}},"line":48},"10":{"name":"(anonymous_10)","decl":{"start":{"line":53,"column":2},"end":{"line":53,"column":3}},"loc":{"start":{"line":53,"column":22},"end":{"line":57,"column":3}},"line":53},"11":{"name":"(anonymous_11)","decl":{"start":{"line":58,"column":2},"end":{"line":58,"column":3}},"loc":{"start":{"line":58,"column":21},"end":{"line":66,"column":3}},"line":58},"12":{"name":"(anonymous_12)","decl":{"start":{"line":67,"column":2},"end":{"line":67,"column":3}},"loc":{"start":{"line":67,"column":17},"end":{"line":81,"column":3}},"line":67},"13":{"name":"(anonymous_13)","decl":{"start":{"line":69,"column":43},"end":{"line":69,"column":44}},"loc":{"start":{"line":69,"column":49},"end":{"line":80,"column":5}},"line":69},"14":{"name":"(anonymous_14)","decl":{"start":{"line":71,"column":32},"end":{"line":71,"column":33}},"loc":{"start":{"line":71,"column":52},"end":{"line":77,"column":7}},"line":71},"15":{"name":"(anonymous_15)","decl":{"start":{"line":77,"column":15},"end":{"line":77,"column":16}},"loc":{"start":{"line":77,"column":24},"end":{"line":79,"column":7}},"line":77},"16":{"name":"(anonymous_16)","decl":{"start":{"line":82,"column":2},"end":{"line":82,"column":3}},"loc":{"start":{"line":82,"column":18},"end":{"line":107,"column":3}},"line":82},"17":{"name":"(anonymous_17)","decl":{"start":{"line":108,"column":2},"end":{"line":108,"column":3}},"loc":{"start":{"line":108,"column":28},"end":{"line":143,"column":3}},"line":108},"18":{"name":"(anonymous_18)","decl":{"start":{"line":146,"column":18},"end":{"line":146,"column":19}},"loc":{"start":{"line":146,"column":47},"end":{"line":154,"column":1}},"line":146},"19":{"name":"(anonymous_19)","decl":{"start":{"line":147,"column":21},"end":{"line":147,"column":22}},"loc":{"start":{"line":147,"column":42},"end":{"line":153,"column":3}},"line":147},"20":{"name":"(anonymous_20)","decl":{"start":{"line":149,"column":36},"end":{"line":149,"column":37}},"loc":{"start":{"line":149,"column":45},"end":{"line":152,"column":5}},"line":149},"21":{"name":"(anonymous_21)","decl":{"start":{"line":156,"column":20},"end":{"line":156,"column":21}},"loc":{"start":{"line":156,"column":36},"end":{"line":162,"column":1}},"line":156},"22":{"name":"(anonymous_22)","decl":{"start":{"line":164,"column":26},"end":{"line":164,"column":27}},"loc":{"start":{"line":164,"column":42},"end":{"line":166,"column":1}},"line":164},"23":{"name":"(anonymous_23)","decl":{"start":{"line":168,"column":21},"end":{"line":168,"column":22}},"loc":{"start":{"line":168,"column":45},"end":{"line":173,"column":1}},"line":168}},"branchMap":{"0":{"loc":{"start":{"line":10,"column":4},"end":{"line":13,"column":5}},"type":"if","locations":[{"start":{"line":10,"column":4},"end":{"line":13,"column":5}},{"start":{"line":10,"column":4},"end":{"line":13,"column":5}}],"line":10},"1":{"loc":{"start":{"line":14,"column":14},"end":{"line":14,"column":34}},"type":"binary-expr","locations":[{"start":{"line":14,"column":14},"end":{"line":14,"column":24}},{"start":{"line":14,"column":28},"end":{"line":14,"column":34}}],"line":14},"2":{"loc":{"start":{"line":15,"column":6},"end":{"line":17,"column":7}},"type":"if","locations":[{"start":{"line":15,"column":6},"end":{"line":17,"column":7}},{"start":{"line":15,"column":6},"end":{"line":17,"column":7}}],"line":15},"3":{"loc":{"start":{"line":23,"column":8},"end":{"line":23,"column":35}},"type":"if","locations":[{"start":{"line":23,"column":8},"end":{"line":23,"column":35}},{"start":{"line":23,"column":8},"end":{"line":23,"column":35}}],"line":23},"4":{"loc":{"start":{"line":31,"column":4},"end":{"line":31,"column":79}},"type":"if","locations":[{"start":{"line":31,"column":4},"end":{"line":31,"column":79}},{"start":{"line":31,"column":4},"end":{"line":31,"column":79}}],"line":31},"5":{"loc":{"start":{"line":49,"column":4},"end":{"line":49,"column":51}},"type":"if","locations":[{"start":{"line":49,"column":4},"end":{"line":49,"column":51}},{"start":{"line":49,"column":4},"end":{"line":49,"column":51}}],"line":49},"6":{"loc":{"start":{"line":49,"column":8},"end":{"line":49,"column":43}},"type":"binary-expr","locations":[{"start":{"line":49,"column":8},"end":{"line":49,"column":19}},{"start":{"line":49,"column":23},"end":{"line":49,"column":43}}],"line":49},"7":{"loc":{"start":{"line":54,"column":4},"end":{"line":54,"column":51}},"type":"if","locations":[{"start":{"line":54,"column":4},"end":{"line":54,"column":51}},{"start":{"line":54,"column":4},"end":{"line":54,"column":51}}],"line":54},"8":{"loc":{"start":{"line":54,"column":8},"end":{"line":54,"column":43}},"type":"binary-expr","locations":[{"start":{"line":54,"column":8},"end":{"line":54,"column":19}},{"start":{"line":54,"column":23},"end":{"line":54,"column":43}}],"line":54},"9":{"loc":{"start":{"line":60,"column":6},"end":{"line":64,"column":7}},"type":"if","locations":[{"start":{"line":60,"column":6},"end":{"line":64,"column":7}},{"start":{"line":60,"column":6},"end":{"line":64,"column":7}}],"line":60},"10":{"loc":{"start":{"line":68,"column":4},"end":{"line":68,"column":41}},"type":"if","locations":[{"start":{"line":68,"column":4},"end":{"line":68,"column":41}},{"start":{"line":68,"column":4},"end":{"line":68,"column":41}}],"line":68},"11":{"loc":{"start":{"line":92,"column":6},"end":{"line":94,"column":7}},"type":"if","locations":[{"start":{"line":92,"column":6},"end":{"line":94,"column":7}},{"start":{"line":92,"column":6},"end":{"line":94,"column":7}}],"line":92},"12":{"loc":{"start":{"line":96,"column":6},"end":{"line":101,"column":7}},"type":"if","locations":[{"start":{"line":96,"column":6},"end":{"line":101,"column":7}},{"start":{"line":96,"column":6},"end":{"line":101,"column":7}}],"line":96},"13":{"loc":{"start":{"line":112,"column":6},"end":{"line":119,"column":7}},"type":"if","locations":[{"start":{"line":112,"column":6},"end":{"line":119,"column":7}},{"start":{"line":112,"column":6},"end":{"line":119,"column":7}}],"line":112},"14":{"loc":{"start":{"line":122,"column":6},"end":{"line":136,"column":7}},"type":"if","locations":[{"start":{"line":122,"column":6},"end":{"line":136,"column":7}},{"start":{"line":122,"column":6},"end":{"line":136,"column":7}}],"line":122},"15":{"loc":{"start":{"line":123,"column":8},"end":{"line":128,"column":9}},"type":"if","locations":[{"start":{"line":123,"column":8},"end":{"line":128,"column":9}},{"start":{"line":123,"column":8},"end":{"line":128,"column":9}}],"line":123},"16":{"loc":{"start":{"line":130,"column":8},"end":{"line":135,"column":9}},"type":"if","locations":[{"start":{"line":130,"column":8},"end":{"line":135,"column":9}},{"start":{"line":130,"column":8},"end":{"line":135,"column":9}}],"line":130},"17":{"loc":{"start":{"line":148,"column":4},"end":{"line":148,"column":72}},"type":"if","locations":[{"start":{"line":148,"column":4},"end":{"line":148,"column":72}},{"start":{"line":148,"column":4},"end":{"line":148,"column":72}}],"line":148},"18":{"loc":{"start":{"line":150,"column":6},"end":{"line":150,"column":33}},"type":"if","locations":[{"start":{"line":150,"column":6},"end":{"line":150,"column":33}},{"start":{"line":150,"column":6},"end":{"line":150,"column":33}}],"line":150},"19":{"loc":{"start":{"line":170,"column":4},"end":{"line":170,"column":47}},"type":"if","locations":[{"start":{"line":170,"column":4},"end":{"line":170,"column":47}},{"start":{"line":170,"column":4},"end":{"line":170,"column":47}}],"line":170}},"s":{"0":2,"1":2,"2":2,"3":2,"4":2,"5":2,"6":2,"7":2,"8":0,"9":0,"10":2,"11":0,"12":0,"13":2,"14":2,"15":2,"16":0,"17":2,"18":2,"19":2,"20":3,"21":0,"22":3,"23":1,"24":1,"25":1,"26":1,"27":0,"28":2,"29":0,"30":2,"31":2,"32":0,"33":0,"34":0,"35":0,"36":1,"37":2,"38":1,"39":1,"40":1,"41":6,"42":3,"43":3,"44":3,"45":3,"46":3,"47":0,"48":0,"49":4,"50":4,"51":11,"52":11,"53":3,"54":8,"55":8,"56":5,"57":8,"58":4,"59":4,"60":4,"61":11,"62":11,"63":5,"64":11,"65":11,"66":11,"67":3,"68":3,"69":8,"70":5,"71":4,"72":5,"73":5,"74":4,"75":2,"76":3,"77":3,"78":3,"79":0,"80":0,"81":0,"82":0,"83":2,"84":13,"85":13,"86":18,"87":13,"88":2,"89":19,"90":2,"91":2,"92":9,"93":1,"94":1},"f":{"0":2,"1":0,"2":2,"3":2,"4":2,"5":3,"6":1,"7":1,"8":0,"9":2,"10":0,"11":1,"12":6,"13":3,"14":3,"15":0,"16":4,"17":4,"18":3,"19":3,"20":0,"21":13,"22":19,"23":2},"b":{"0":[0,2],"1":[2,2],"2":[0,0],"3":[0,2],"4":[0,3],"5":[0,2],"6":[2,2],"7":[0,0],"8":[0,0],"9":[1,1],"10":[3,3],"11":[3,8],"12":[5,3],"13":[5,6],"14":[3,8],"15":[3,0],"16":[5,3],"17":[3,0],"18":[0,0],"19":[1,8]},"_coverageSchema":"332fd63041d2c1bcb487cc26dd0d5f7d97098a6c","hash":"ee236ea3cfa83606d9348afae357e26258ce0753"}
}
