TN:
SF:/home/outbounder/projects/node-organic/organic-nginx-configurator/lib/exec.js
FN:3,(anonymous_0)
FN:11,(anonymous_1)
FN:12,(anonymous_2)
FNF:3
FNH:0
FNDA:0,(anonymous_0)
FNDA:0,(anonymous_1)
FNDA:0,(anonymous_2)
DA:1,2
DA:3,2
DA:4,0
DA:5,0
DA:9,0
DA:10,0
DA:11,0
DA:12,0
DA:13,0
DA:14,0
LF:10
LH:2
BRDA:4,0,0,0
BRDA:4,0,1,0
BRDA:13,1,0,0
BRDA:13,1,1,0
BRF:4
BRH:0
end_of_record
TN:
SF:/home/outbounder/projects/node-organic/organic-nginx-configurator/organelles/nginx-config.js
FN:6,(anonymous_0)
FN:14,(anonymous_1)
FN:20,(anonymous_2)
FN:21,(anonymous_3)
FN:22,(anonymous_4)
FN:30,(anonymous_5)
FN:34,(anonymous_6)
FN:36,(anonymous_7)
FN:45,(anonymous_8)
FN:48,(anonymous_9)
FN:53,(anonymous_10)
FN:58,(anonymous_11)
FN:67,(anonymous_12)
FN:69,(anonymous_13)
FN:71,(anonymous_14)
FN:77,(anonymous_15)
FN:82,(anonymous_16)
FN:108,(anonymous_17)
FN:146,(anonymous_18)
FN:147,(anonymous_19)
FN:149,(anonymous_20)
FN:156,(anonymous_21)
FN:164,(anonymous_22)
FN:168,(anonymous_23)
FNF:24
FNH:19
FNDA:2,(anonymous_0)
FNDA:0,(anonymous_1)
FNDA:2,(anonymous_2)
FNDA:2,(anonymous_3)
FNDA:2,(anonymous_4)
FNDA:3,(anonymous_5)
FNDA:1,(anonymous_6)
FNDA:1,(anonymous_7)
FNDA:0,(anonymous_8)
FNDA:2,(anonymous_9)
FNDA:0,(anonymous_10)
FNDA:1,(anonymous_11)
FNDA:6,(anonymous_12)
FNDA:3,(anonymous_13)
FNDA:3,(anonymous_14)
FNDA:0,(anonymous_15)
FNDA:4,(anonymous_16)
FNDA:4,(anonymous_17)
FNDA:3,(anonymous_18)
FNDA:3,(anonymous_19)
FNDA:0,(anonymous_20)
FNDA:13,(anonymous_21)
FNDA:19,(anonymous_22)
FNDA:2,(anonymous_23)
DA:1,2
DA:2,2
DA:3,2
DA:5,2
DA:7,2
DA:8,2
DA:9,2
DA:10,2
DA:11,0
DA:12,0
DA:14,2
DA:15,0
DA:16,0
DA:21,2
DA:22,2
DA:23,2
DA:24,2
DA:25,2
DA:28,2
DA:31,3
DA:32,3
DA:35,1
DA:36,1
DA:37,1
DA:41,1
DA:46,0
DA:49,2
DA:50,2
DA:51,2
DA:54,0
DA:55,0
DA:56,0
DA:59,1
DA:60,2
DA:61,1
DA:62,1
DA:63,1
DA:68,6
DA:69,3
DA:70,3
DA:71,3
DA:72,3
DA:76,0
DA:78,0
DA:89,4
DA:90,4
DA:91,11
DA:92,11
DA:93,3
DA:95,8
DA:96,8
DA:97,5
DA:102,8
DA:106,4
DA:109,4
DA:110,4
DA:111,11
DA:112,11
DA:113,5
DA:120,11
DA:121,11
DA:122,11
DA:123,3
DA:124,3
DA:130,8
DA:131,5
DA:138,4
DA:139,5
DA:140,5
DA:142,4
DA:146,2
DA:147,3
DA:148,3
DA:149,0
DA:150,0
DA:151,0
DA:156,2
DA:157,13
DA:158,13
DA:159,18
DA:161,13
DA:164,2
DA:165,19
DA:168,2
DA:169,2
DA:170,9
DA:172,1
LF:87
LH:74
BRDA:10,0,0,0
BRDA:10,0,1,2
BRDA:14,1,0,2
BRDA:14,1,1,2
BRDA:15,2,0,0
BRDA:15,2,1,0
BRDA:23,3,0,0
BRDA:23,3,1,2
BRDA:31,4,0,0
BRDA:31,4,1,3
BRDA:49,5,0,0
BRDA:49,5,1,2
BRDA:49,6,0,2
BRDA:49,6,1,2
BRDA:54,7,0,0
BRDA:54,7,1,0
BRDA:54,8,0,0
BRDA:54,8,1,0
BRDA:60,9,0,1
BRDA:60,9,1,1
BRDA:68,10,0,3
BRDA:68,10,1,3
BRDA:92,11,0,3
BRDA:92,11,1,8
BRDA:96,12,0,5
BRDA:96,12,1,3
BRDA:112,13,0,5
BRDA:112,13,1,6
BRDA:122,14,0,3
BRDA:122,14,1,8
BRDA:123,15,0,3
BRDA:123,15,1,0
BRDA:130,16,0,5
BRDA:130,16,1,3
BRDA:148,17,0,3
BRDA:148,17,1,0
BRDA:150,18,0,0
BRDA:150,18,1,0
BRDA:170,19,0,1
BRDA:170,19,1,8
BRF:40
BRH:26
end_of_record
